
> travel-board-online-server@0.1.0 dev
> tsx index.ts

Socket server listening on http://localhost:3001
[SERVER DRAFT] startDraftForCurrentDay
[SERVER DRAFT] deck counts: { CULTURE: 30, ACTION: 20, UTILITY: 15, FOOD: 28 }
[SERVER DRAFT] p1 pool counts: { FOOD: 2, CULTURE: 5 } [
  'SG_FOOD_029',
  'SG_FOOD_028',
  'SG_CULT_033',
  'SG_CULT_007',
  'SG_CULT_014',
  'SG_CULT_015',
  'SG_CULT_008'
]
[SERVER DRAFT] finishDraftRound
[SERVER DRAFT] deck counts: { FOOD: 24, ACTION: 20, CULTURE: 33, UTILITY: 15 }
[SERVER DRAFT] p1 pool counts: { FOOD: 5, CULTURE: 2 } [
  'SG_FOOD_008',
  'SG_FOOD_014',
  'SG_FOOD_005',
  'SG_FOOD_025',
  'SG_CULT_001',
  'SG_CULT_025',
  'SG_FOOD_019'
]
[SERVER DRAFT] startDraftForCurrentDay
[SERVER DRAFT] deck counts: { UTILITY: 15, CULTURE: 32, FOOD: 27, ACTION: 19 }
[SERVER DRAFT] p1 pool counts: { ACTION: 1, FOOD: 3, CULTURE: 3 } [
  'SG_ACT_018',
  'SG_FOOD_008',
  'SG_FOOD_009',
  'SG_CULT_026',
  'SG_CULT_030',
  'SG_FOOD_030',
  'SG_CULT_012'
]
[SERVER DRAFT] finishDraftRound
[SERVER DRAFT] deck counts: { CULTURE: 33, FOOD: 25, UTILITY: 14, ACTION: 19 }
[SERVER DRAFT] p1 pool counts: { UTILITY: 1, ACTION: 1, CULTURE: 2, FOOD: 3 } [
  'SG_UTIL_004',
  'SG_ACT_013',
  'SG_CULT_030',
  'SG_FOOD_001',
  'SG_FOOD_020',
  'SG_FOOD_013',
  'SG_CULT_029'
]
[SERVER DRAFT] finishDraftRound
[SERVER DRAFT] deck counts: { CULTURE: 32, UTILITY: 15, ACTION: 17, FOOD: 28 }
[SERVER DRAFT] p1 pool counts: { CULTURE: 3, FOOD: 2, ACTION: 2 } [
  'SG_CULT_031',
  'SG_CULT_016',
  'SG_FOOD_017',
  'SG_CULT_012',
  'SG_FOOD_025',
  'SG_ACT_016',
  'SG_ACT_004'
]
[SERVER DRAFT] finishDraftRound
[SERVER DRAFT] deck counts: { CULTURE: 34, FOOD: 26, ACTION: 18, UTILITY: 12 }
[SERVER DRAFT] p1 pool counts: { ACTION: 2, FOOD: 2, UTILITY: 2, CULTURE: 1 } [
  'SG_ACT_001',
  'SG_FOOD_018',
  'SG_UTIL_001',
  'SG_CULT_022',
  'SG_FOOD_030',
  'SG_UTIL_009',
  'SG_ACT_019'
]
[SERVER DRAFT] finishDraftRound
[SERVER DRAFT] deck counts: { UTILITY: 15, CULTURE: 32, FOOD: 27, ACTION: 17 }
[SERVER DRAFT] p1 pool counts: { FOOD: 3, CULTURE: 2, ACTION: 2 } [
  'SG_FOOD_024',
  'SG_CULT_012',
  'SG_FOOD_006',
  'SG_ACT_017',
  'SG_ACT_009',
  'SG_FOOD_010',
  'SG_CULT_027'
]
[SERVER DRAFT] finishDraftRound
[SERVER DRAFT] deck counts: { UTILITY: 13, FOOD: 27, ACTION: 19, CULTURE: 30 }
[SERVER DRAFT] p1 pool counts: { UTILITY: 1, FOOD: 1, CULTURE: 5 } [
  'SG_UTIL_013',
  'SG_FOOD_013',
  'SG_CULT_011',
  'SG_CULT_001',
  'SG_CULT_010',
  'SG_CULT_017',
  'SG_CULT_022'
]
[SERVER DRAFT] finishDraftRound
[SERVER DRAFT] deck counts: { FOOD: 27, UTILITY: 15, CULTURE: 29, ACTION: 19 }
[SERVER DRAFT] p1 pool counts: { CULTURE: 5, FOOD: 2 } [
  'SG_CULT_014',
  'SG_FOOD_020',
  'SG_CULT_002',
  'SG_CULT_035',
  'SG_FOOD_004',
  'SG_CULT_003',
  'SG_CULT_022'
]
